#! /tool/pandora64/.package/verilog-10.2/bin/vvp
:ivl_version "10.2 (stable)" "(v10_2)";
:ivl_delay_selection "TYPICAL";
:vpi_time_precision + 0;
:vpi_module "system";
:vpi_module "vhdl_sys";
:vpi_module "v2005_math";
:vpi_module "va_math";
:vpi_module "v2009";
S_0x17808a0 .scope module, "fsm" "fsm" 2 2;
 .timescale 0 0;
    .port_info 0 /INPUT 1 "clk"
    .port_info 1 /INPUT 1 "rst_n"
    .port_info 2 /INPUT 1 "mode"
    .port_info 3 /INPUT 1 "load_done"
    .port_info 4 /INPUT 1 "layer_1_done"
    .port_info 5 /INPUT 1 "layer_2_done"
    .port_info 6 /INPUT 1 "layer_3_done"
    .port_info 7 /OUTPUT 3 "state"
P_0x1790ac0 .param/l "s_IDLE" 1 2 13, C4<000>;
P_0x1790b00 .param/l "s_LAYER_1" 1 2 15, C4<010>;
P_0x1790b40 .param/l "s_LAYER_2" 1 2 16, C4<011>;
P_0x1790b80 .param/l "s_LAYER_3" 1 2 17, C4<100>;
P_0x1790bc0 .param/l "s_LOAD" 1 2 14, C4<001>;
L_0x17a0b10 .functor BUFZ 3, v0x17b6b30_0, C4<000>, C4<000>, C4<000>;
o0x1479efff7018 .functor BUFZ 1, C4<z>; HiZ drive
v0x1790e90_0 .net "clk", 0 0, o0x1479efff7018;  0 drivers
v0x17b6b30_0 .var "cs", 2 0;
o0x1479efff7078 .functor BUFZ 1, C4<z>; HiZ drive
v0x17b6c10_0 .net "layer_1_done", 0 0, o0x1479efff7078;  0 drivers
o0x1479efff70a8 .functor BUFZ 1, C4<z>; HiZ drive
v0x17b6cb0_0 .net "layer_2_done", 0 0, o0x1479efff70a8;  0 drivers
o0x1479efff70d8 .functor BUFZ 1, C4<z>; HiZ drive
v0x17b6d70_0 .net "layer_3_done", 0 0, o0x1479efff70d8;  0 drivers
o0x1479efff7108 .functor BUFZ 1, C4<z>; HiZ drive
v0x17b6e30_0 .net "load_done", 0 0, o0x1479efff7108;  0 drivers
o0x1479efff7138 .functor BUFZ 1, C4<z>; HiZ drive
v0x17b6ef0_0 .net "mode", 0 0, o0x1479efff7138;  0 drivers
v0x17b6fb0_0 .var "ns", 2 0;
o0x1479efff7198 .functor BUFZ 1, C4<z>; HiZ drive
v0x17b7090_0 .net "rst_n", 0 0, o0x1479efff7198;  0 drivers
v0x17b7150_0 .net "state", 2 0, L_0x17a0b10;  1 drivers
E_0x177bb20 .event posedge, v0x1790e90_0;
E_0x17a1240/0 .event edge, v0x17b6b30_0, v0x17b6ef0_0, v0x17b6e30_0, v0x17b6c10_0;
E_0x17a1240/1 .event edge, v0x17b6cb0_0, v0x17b6d70_0;
E_0x17a1240 .event/or E_0x17a1240/0, E_0x17a1240/1;
    .scope S_0x17808a0;
T_0 ;
    %wait E_0x17a1240;
    %load/vec4 v0x17b6b30_0;
    %dup/vec4;
    %pushi/vec4 0, 0, 3;
    %cmp/u;
    %jmp/1 T_0.0, 6;
    %dup/vec4;
    %pushi/vec4 1, 0, 3;
    %cmp/u;
    %jmp/1 T_0.1, 6;
    %dup/vec4;
    %pushi/vec4 2, 0, 3;
    %cmp/u;
    %jmp/1 T_0.2, 6;
    %dup/vec4;
    %pushi/vec4 3, 0, 3;
    %cmp/u;
    %jmp/1 T_0.3, 6;
    %dup/vec4;
    %pushi/vec4 4, 0, 3;
    %cmp/u;
    %jmp/1 T_0.4, 6;
    %pushi/vec4 0, 0, 3;
    %store/vec4 v0x17b6fb0_0, 0, 3;
    %jmp T_0.6;
T_0.0 ;
    %load/vec4 v0x17b6ef0_0;
    %flag_set/vec4 8;
    %jmp/0xz  T_0.7, 8;
    %pushi/vec4 1, 0, 3;
    %store/vec4 v0x17b6fb0_0, 0, 3;
    %jmp T_0.8;
T_0.7 ;
    %load/vec4 v0x17b6b30_0;
    %store/vec4 v0x17b6fb0_0, 0, 3;
T_0.8 ;
    %jmp T_0.6;
T_0.1 ;
    %load/vec4 v0x17b6e30_0;
    %flag_set/vec4 8;
    %jmp/0xz  T_0.9, 8;
    %pushi/vec4 2, 0, 3;
    %store/vec4 v0x17b6fb0_0, 0, 3;
    %jmp T_0.10;
T_0.9 ;
    %load/vec4 v0x17b6b30_0;
    %store/vec4 v0x17b6fb0_0, 0, 3;
T_0.10 ;
    %jmp T_0.6;
T_0.2 ;
    %load/vec4 v0x17b6c10_0;
    %flag_set/vec4 8;
    %jmp/0xz  T_0.11, 8;
    %pushi/vec4 3, 0, 3;
    %store/vec4 v0x17b6fb0_0, 0, 3;
    %jmp T_0.12;
T_0.11 ;
    %load/vec4 v0x17b6b30_0;
    %store/vec4 v0x17b6fb0_0, 0, 3;
T_0.12 ;
    %jmp T_0.6;
T_0.3 ;
    %load/vec4 v0x17b6cb0_0;
    %flag_set/vec4 8;
    %jmp/0xz  T_0.13, 8;
    %pushi/vec4 4, 0, 3;
    %store/vec4 v0x17b6fb0_0, 0, 3;
    %jmp T_0.14;
T_0.13 ;
    %load/vec4 v0x17b6b30_0;
    %store/vec4 v0x17b6fb0_0, 0, 3;
T_0.14 ;
    %jmp T_0.6;
T_0.4 ;
    %load/vec4 v0x17b6d70_0;
    %flag_set/vec4 8;
    %jmp/0xz  T_0.15, 8;
    %pushi/vec4 0, 0, 3;
    %store/vec4 v0x17b6fb0_0, 0, 3;
    %jmp T_0.16;
T_0.15 ;
    %load/vec4 v0x17b6b30_0;
    %store/vec4 v0x17b6fb0_0, 0, 3;
T_0.16 ;
    %jmp T_0.6;
T_0.6 ;
    %pop/vec4 1;
    %jmp T_0;
    .thread T_0, $push;
    .scope S_0x17808a0;
T_1 ;
    %wait E_0x177bb20;
    %load/vec4 v0x17b7090_0;
    %nor/r;
    %flag_set/vec4 8;
    %jmp/0xz  T_1.0, 8;
    %pushi/vec4 0, 0, 3;
    %assign/vec4 v0x17b6b30_0, 0;
    %jmp T_1.1;
T_1.0 ;
    %load/vec4 v0x17b6fb0_0;
    %assign/vec4 v0x17b6b30_0, 0;
T_1.1 ;
    %jmp T_1;
    .thread T_1;
# The file index is used to find the file name in the following table.
:file_names 3;
    "N/A";
    "<interactive>";
    "src/fsm.sv";
